<?xml version='1.0' encoding='UTF-8' ?>
<testsuite name="com.example.hellotoast.ExampleInstrumentedTest" tests="1" failures="0" errors="0" skipped="0" time="0.567" timestamp="2022-11-20T01:45:58" hostname="localhost">
  <properties>
    <property name="device" value="Pixel_5_API_30(AVD) - 11" />
    <property name="flavor" value="" />
    <property name="project" value=":app" />
  </properties>
  <testcase name="useAppContext" classname="com.example.hellotoast.ExampleInstrumentedTest" time="0.007" />
</testsuite>